
Showing logs for build [32mcb-kubecd-environment-pr-164-86-fvb76-1[0m stage [32mfrom-build-pack[0m and container [32mstep-credential-initializer-f94t8[0m
{"level":"warn","ts":1582317435.8426533,"logger":"fallback-logger","caller":"logging/config.go:69","msg":"Fetch GitHub commit ID from kodata failed: \"ref: refs/heads/0.8.0-**-support-backwards-incompats\" is not a valid GitHub commit ID"}
{"level":"info","ts":1582317435.8434875,"logger":"fallback-logger","caller":"creds-init/main.go:40","msg":"Credentials initialized."}

Showing logs for build [32mcb-kubecd-environment-pr-164-86-fvb76-1[0m stage [32mfrom-build-pack[0m and container [32mstep-working-dir-initializer-bbf2b[0m
{"level":"warn","ts":1582317436.8972647,"logger":"fallback-logger","caller":"logging/config.go:69","msg":"Fetch GitHub commit ID from kodata failed: open /var/run/ko/HEAD: no such file or directory"}
{"level":"info","ts":1582317436.8991635,"logger":"fallback-logger","caller":"bash/main.go:64","msg":"Successfully executed command \"sh -c mkdir -p /workspace/source\"; output "}

Showing logs for build [32mcb-kubecd-environment-pr-164-86-fvb76-1[0m stage [32mfrom-build-pack[0m and container [32mstep-place-tools[0m

Showing logs for build [32mcb-kubecd-environment-pr-164-86-fvb76-1[0m stage [32mfrom-build-pack[0m and container [32mstep-git-source-cb-kubecd-environment-pr-164-86-fvb76-mxsvt[0m
{"level":"warn","ts":1582317466.0659306,"logger":"fallback-logger","caller":"logging/config.go:69","msg":"Fetch GitHub commit ID from kodata failed: \"ref: refs/heads/0.8.0-**-support-backwards-incompats\" is not a valid GitHub commit ID"}
{"level":"info","ts":1582317467.1073205,"logger":"fallback-logger","caller":"git/git.go:103","msg":"Successfully cloned https://github.com/cb-kubecd/environment-pr-164-86-boot-gke-production.git @ master in path /workspace/source"}

Showing logs for build [32mcb-kubecd-environment-pr-164-86-fvb76-1[0m stage [32mfrom-build-pack[0m and container [32mstep-git-merge[0m
Using SHAs from PULL_REFS=master:6d5550ad3d6d29ca02374cfe5f17a39e29a051b2,1:5c4c24c1a9a95c5cfb713b11d7f7387a2c69a6cf
DEBUG: LC_ALL=C JX_LOG_LEVEL=error git fetch origin --unshallow 5c4c24c1a9a95c5cfb713b11d7f7387a2c69a6cf: 6d5550ad3d6d29ca02374cfe5f17a39e29a051b2:
DEBUG: ran git fetch --unshallow origin 5c4c24c1a9a95c5cfb713b11d7f7387a2c69a6cf: 6d5550ad3d6d29ca02374cfe5f17a39e29a051b2: in 
DEBUG: JX_LOG_LEVEL=error LC_ALL=C git branch
DEBUG: LC_ALL=C JX_LOG_LEVEL=error git checkout master
DEBUG: ran git checkout master in 
DEBUG: LC_ALL=C JX_LOG_LEVEL=error git reset --hard 6d5550ad3d6d29ca02374cfe5f17a39e29a051b2
DEBUG: ran git reset --hard 6d5550ad3d6d29ca02374cfe5f17a39e29a051b2 in 
DEBUG: LC_ALL=C JX_LOG_LEVEL=error git clean -fd .
DEBUG: ran clean --force -d . in 
DEBUG: LC_ALL=C JX_LOG_LEVEL=error git merge 5c4c24c1a9a95c5cfb713b11d7f7387a2c69a6cf
DEBUG: ran git merge 5c4c24c1a9a95c5cfb713b11d7f7387a2c69a6cf in 
DEBUG: LC_ALL=C JX_LOG_LEVEL=error git log --format=%H%x1f%an%x1f%ae%x1f%cn%x1f%ce%x1f%s%n%b%x1e 6d5550ad3d6d29ca02374cfe5f17a39e29a051b2..HEAD
Merged SHA 5c4c24c1a9a95c5cfb713b11d7f7387a2c69a6cf with commit message 'chore: Promote bdd-spring-1582316562 to version 0.0.1' into base branch master

Showing logs for build [32mcb-kubecd-environment-pr-164-86-fvb76-1[0m stage [32mfrom-build-pack[0m and container [32mstep-build-helm-build[0m
WARNING: No $CHART_REPOSITORY defined so using the default value of: http://jenkins-x-chartmuseum:8080
Adding missing Helm repo: storage.googleapis.com https://storage.googleapis.com/chartmuseum.jenkins-x.io
WARNING: No secrets found on "helm/repos" due: reading the secret "helm/repos" from vault: no secret "helm/repos" not found in vault
Read credentials for https://storage.googleapis.com/chartmuseum.jenkins-x.io from vault helm/repos
Successfully added Helm repository storage.googleapis.com.
Adding missing Helm repo: jenkins-x-chartmuseum http://jenkins-x-chartmuseum:8080
WARNING: No secrets found on "helm/repos" due: reading the secret "helm/repos" from vault: no secret "helm/repos" not found in vault
Read credentials for http://jenkins-x-chartmuseum:8080 from vault helm/repos
Successfully added Helm repository jenkins-x-chartmuseum.
WARNING: No $CHART_REPOSITORY defined so using the default value of: http://jenkins-x-chartmuseum:8080
Adding missing Helm repo: chartmuseum.jenkins-x.io http://chartmuseum.jenkins-x.io
WARNING: No secrets found on "helm/repos" due: reading the secret "helm/repos" from vault: no secret "helm/repos" not found in vault
Read credentials for http://chartmuseum.jenkins-x.io from vault helm/repos
Successfully added Helm repository chartmuseum.jenkins-x.io.
